This file contains any messages produced by compilers while
running configure, to aid debugging if configure makes a mistake.

It was created by range configure 1.0.0, which was
generated by GNU Autoconf 2.67.  Invocation command line was

  $ ./configure --prefix=/home/jsmallcombe/local

## --------- ##
## Platform. ##
## --------- ##

hostname = smilodon.triumf.ca
uname -m = x86_64
uname -r = 2.6.32-431.23.3.el6.x86_64
uname -s = Linux
uname -v = #1 SMP Tue Jul 29 11:12:56 CDT 2014

/usr/bin/uname -p = unknown
/bin/uname -X     = unknown

/bin/arch              = x86_64
/usr/bin/arch -k       = unknown
/usr/convex/getsysinfo = unknown
/usr/bin/hostinfo      = unknown
/bin/machine           = unknown
/usr/bin/oslevel       = unknown
/bin/universe          = unknown

PATH: /opt/root_v5.34.21/bin
PATH: /usr/lib64/qt-3.3/bin
PATH: /usr/local/bin
PATH: /usr/bin
PATH: /bin
PATH: /usr/local/sbin
PATH: /usr/sbin
PATH: /sbin
PATH: /home/jsmallcombe/bin
PATH: /home/jsmallcombe/codes/library/include
PATH: /home/jsmallcombe/codes/library/src


## ----------- ##
## Core tests. ##
## ----------- ##

configure:2483: checking for a BSD-compatible install
configure:2551: result: /usr/bin/install -c
configure:2562: checking whether build environment is sane
configure:2612: result: yes
configure:2753: checking for a thread-safe mkdir -p
configure:2792: result: /bin/mkdir -p
configure:2805: checking for gawk
configure:2821: found /usr/bin/gawk
configure:2832: result: gawk
configure:2843: checking whether make sets $(MAKE)
configure:2865: result: yes
configure:3041: checking for g++
configure:3057: found /usr/bin/g++
configure:3068: result: g++
configure:3095: checking for C++ compiler version
configure:3104: g++ --version >&5
g++ (GCC) 4.4.7 20120313 (Red Hat 4.4.7-11)
Copyright (C) 2010 Free Software Foundation, Inc.
This is free software; see the source for copying conditions.  There is NO
warranty; not even for MERCHANTABILITY or FITNESS FOR A PARTICULAR PURPOSE.

configure:3115: $? = 0
configure:3104: g++ -v >&5
Using built-in specs.
Target: x86_64-redhat-linux
Configured with: ../configure --prefix=/usr --mandir=/usr/share/man --infodir=/usr/share/info --with-bugurl=http://bugzilla.redhat.com/bugzilla --enable-bootstrap --enable-shared --enable-threads=posix --enable-checking=release --with-system-zlib --enable-__cxa_atexit --disable-libunwind-exceptions --enable-gnu-unique-object --enable-languages=c,c++,objc,obj-c++,java,fortran,ada --enable-java-awt=gtk --disable-dssi --with-java-home=/usr/lib/jvm/java-1.5.0-gcj-1.5.0.0/jre --enable-libgcj-multifile --enable-java-maintainer-mode --with-ecj-jar=/usr/share/java/eclipse-ecj.jar --disable-libjava-multilib --with-ppl --with-cloog --with-tune=generic --with-arch_32=i686 --build=x86_64-redhat-linux
Thread model: posix
gcc version 4.4.7 20120313 (Red Hat 4.4.7-11) (GCC) 
configure:3115: $? = 0
configure:3104: g++ -V >&5
g++: '-V' option must have argument
configure:3115: $? = 1
configure:3104: g++ -qversion >&5
g++: unrecognized option '-qversion'
g++: no input files
configure:3115: $? = 1
configure:3135: checking whether the C++ compiler works
configure:3157: g++    conftest.cpp  >&5
configure:3161: $? = 0
configure:3209: result: yes
configure:3212: checking for C++ compiler default output file name
configure:3214: result: a.out
configure:3220: checking for suffix of executables
configure:3227: g++ -o conftest    conftest.cpp  >&5
configure:3231: $? = 0
configure:3253: result: 
configure:3275: checking whether we are cross compiling
configure:3283: g++ -o conftest    conftest.cpp  >&5
configure:3287: $? = 0
configure:3294: ./conftest
configure:3298: $? = 0
configure:3313: result: no
configure:3318: checking for suffix of object files
configure:3340: g++ -c   conftest.cpp >&5
configure:3344: $? = 0
configure:3365: result: o
configure:3369: checking whether we are using the GNU C++ compiler
configure:3388: g++ -c   conftest.cpp >&5
configure:3388: $? = 0
configure:3397: result: yes
configure:3406: checking whether g++ accepts -g
configure:3426: g++ -c -g  conftest.cpp >&5
configure:3426: $? = 0
configure:3467: result: yes
configure:3501: checking for style of include used by make
configure:3529: result: GNU
configure:3554: checking dependency style of g++
configure:3664: result: gcc3
configure:3727: checking for gcc
configure:3743: found /usr/bin/gcc
configure:3754: result: gcc
configure:3983: checking for C compiler version
configure:3992: gcc --version >&5
gcc (GCC) 4.4.7 20120313 (Red Hat 4.4.7-11)
Copyright (C) 2010 Free Software Foundation, Inc.
This is free software; see the source for copying conditions.  There is NO
warranty; not even for MERCHANTABILITY or FITNESS FOR A PARTICULAR PURPOSE.

configure:4003: $? = 0
configure:3992: gcc -v >&5
Using built-in specs.
Target: x86_64-redhat-linux
Configured with: ../configure --prefix=/usr --mandir=/usr/share/man --infodir=/usr/share/info --with-bugurl=http://bugzilla.redhat.com/bugzilla --enable-bootstrap --enable-shared --enable-threads=posix --enable-checking=release --with-system-zlib --enable-__cxa_atexit --disable-libunwind-exceptions --enable-gnu-unique-object --enable-languages=c,c++,objc,obj-c++,java,fortran,ada --enable-java-awt=gtk --disable-dssi --with-java-home=/usr/lib/jvm/java-1.5.0-gcj-1.5.0.0/jre --enable-libgcj-multifile --enable-java-maintainer-mode --with-ecj-jar=/usr/share/java/eclipse-ecj.jar --disable-libjava-multilib --with-ppl --with-cloog --with-tune=generic --with-arch_32=i686 --build=x86_64-redhat-linux
Thread model: posix
gcc version 4.4.7 20120313 (Red Hat 4.4.7-11) (GCC) 
configure:4003: $? = 0
configure:3992: gcc -V >&5
gcc: '-V' option must have argument
configure:4003: $? = 1
configure:3992: gcc -qversion >&5
gcc: unrecognized option '-qversion'
gcc: no input files
configure:4003: $? = 1
configure:4007: checking whether we are using the GNU C compiler
configure:4026: gcc -c   conftest.c >&5
configure:4026: $? = 0
configure:4035: result: yes
configure:4044: checking whether gcc accepts -g
configure:4064: gcc -c -g  conftest.c >&5
configure:4064: $? = 0
configure:4105: result: yes
configure:4122: checking for gcc option to accept ISO C89
configure:4186: gcc  -c -g -O2  conftest.c >&5
configure:4186: $? = 0
configure:4199: result: none needed
configure:4221: checking dependency style of gcc
configure:4331: result: gcc3
configure:4351: checking how to run the C preprocessor
configure:4382: gcc -E  conftest.c
configure:4382: $? = 0
configure:4396: gcc -E  conftest.c
conftest.c:11:28: error: ac_nonexistent.h: No such file or directory
configure:4396: $? = 1
configure: failed program was:
| /* confdefs.h */
| #define PACKAGE_NAME "range"
| #define PACKAGE_TARNAME "range"
| #define PACKAGE_VERSION "1.0.0"
| #define PACKAGE_STRING "range 1.0.0"
| #define PACKAGE_BUGREPORT "ricardo.yanez@calel.org"
| #define PACKAGE_URL ""
| #define PACKAGE "range"
| #define VERSION "1.0.0"
| /* end confdefs.h.  */
| #include <ac_nonexistent.h>
configure:4421: result: gcc -E
configure:4441: gcc -E  conftest.c
configure:4441: $? = 0
configure:4455: gcc -E  conftest.c
conftest.c:11:28: error: ac_nonexistent.h: No such file or directory
configure:4455: $? = 1
configure: failed program was:
| /* confdefs.h */
| #define PACKAGE_NAME "range"
| #define PACKAGE_TARNAME "range"
| #define PACKAGE_VERSION "1.0.0"
| #define PACKAGE_STRING "range 1.0.0"
| #define PACKAGE_BUGREPORT "ricardo.yanez@calel.org"
| #define PACKAGE_URL ""
| #define PACKAGE "range"
| #define VERSION "1.0.0"
| /* end confdefs.h.  */
| #include <ac_nonexistent.h>
configure:4513: checking build system type
configure:4527: result: x86_64-unknown-linux-gnu
configure:4547: checking host system type
configure:4560: result: x86_64-unknown-linux-gnu
configure:4580: checking for a sed that does not truncate output
configure:4644: result: /bin/sed
configure:4662: checking for grep that handles long lines and -e
configure:4720: result: /bin/grep
configure:4725: checking for egrep
configure:4787: result: /bin/grep -E
configure:4792: checking for fgrep
configure:4854: result: /bin/grep -F
configure:4889: checking for ld used by gcc
configure:4956: result: /usr/bin/ld
configure:4963: checking if the linker (/usr/bin/ld) is GNU ld
configure:4978: result: yes
configure:4990: checking for BSD- or MS-compatible name lister (nm)
configure:5039: result: /usr/bin/nm -B
configure:5157: checking the name lister (/usr/bin/nm -B) interface
configure:5164: gcc -c -g -O2  conftest.c >&5
configure:5167: /usr/bin/nm -B "conftest.o"
configure:5170: output
0000000000000000 B some_variable
configure:5177: result: BSD nm
configure:5180: checking whether ln -s works
configure:5184: result: yes
configure:5192: checking the maximum length of command line arguments
configure:5312: result: 1966080
configure:5329: checking whether the shell understands some XSI constructs
configure:5339: result: yes
configure:5343: checking whether the shell understands "+="
configure:5349: result: yes
configure:5384: checking for /usr/bin/ld option to reload object files
configure:5391: result: -r
configure:5460: checking for objdump
configure:5476: found /usr/bin/objdump
configure:5487: result: objdump
configure:5519: checking how to recognize dependent libraries
configure:5715: result: pass_all
configure:5775: checking for ar
configure:5791: found /usr/bin/ar
configure:5802: result: ar
configure:5880: checking for strip
configure:5896: found /usr/bin/strip
configure:5907: result: strip
configure:5979: checking for ranlib
configure:5995: found /usr/bin/ranlib
configure:6006: result: ranlib
configure:6096: checking command to parse /usr/bin/nm -B output from gcc object
configure:6214: gcc -c -g -O2  conftest.c >&5
configure:6217: $? = 0
configure:6221: /usr/bin/nm -B conftest.o \| sed -n -e 's/^.*[	 ]\([ABCDGIRSTW][ABCDGIRSTW]*\)[	 ][	 ]*\([_A-Za-z][_A-Za-z0-9]*\)$/\1 \2 \2/p' \> conftest.nm
configure:6224: $? = 0
configure:6278: gcc -o conftest -g -O2   conftest.c conftstm.o >&5
configure:6281: $? = 0
configure:6319: result: ok
configure:6415: gcc -c -g -O2  conftest.c >&5
configure:6418: $? = 0
configure:7124: checking for ANSI C header files
configure:7144: gcc -c -g -O2  conftest.c >&5
configure:7144: $? = 0
configure:7217: gcc -o conftest -g -O2   conftest.c  >&5
configure:7217: $? = 0
configure:7217: ./conftest
configure:7217: $? = 0
configure:7228: result: yes
configure:7241: checking for sys/types.h
configure:7241: gcc -c -g -O2  conftest.c >&5
configure:7241: $? = 0
configure:7241: result: yes
configure:7241: checking for sys/stat.h
configure:7241: gcc -c -g -O2  conftest.c >&5
configure:7241: $? = 0
configure:7241: result: yes
configure:7241: checking for stdlib.h
configure:7241: gcc -c -g -O2  conftest.c >&5
configure:7241: $? = 0
configure:7241: result: yes
configure:7241: checking for string.h
configure:7241: gcc -c -g -O2  conftest.c >&5
configure:7241: $? = 0
configure:7241: result: yes
configure:7241: checking for memory.h
configure:7241: gcc -c -g -O2  conftest.c >&5
configure:7241: $? = 0
configure:7241: result: yes
configure:7241: checking for strings.h
configure:7241: gcc -c -g -O2  conftest.c >&5
configure:7241: $? = 0
configure:7241: result: yes
configure:7241: checking for inttypes.h
configure:7241: gcc -c -g -O2  conftest.c >&5
configure:7241: $? = 0
configure:7241: result: yes
configure:7241: checking for stdint.h
configure:7241: gcc -c -g -O2  conftest.c >&5
configure:7241: $? = 0
configure:7241: result: yes
configure:7241: checking for unistd.h
configure:7241: gcc -c -g -O2  conftest.c >&5
configure:7241: $? = 0
configure:7241: result: yes
configure:7255: checking for dlfcn.h
configure:7255: gcc -c -g -O2  conftest.c >&5
configure:7255: $? = 0
configure:7255: result: yes
configure:7380: checking for C++ compiler version
configure:7389: g++ --version >&5
g++ (GCC) 4.4.7 20120313 (Red Hat 4.4.7-11)
Copyright (C) 2010 Free Software Foundation, Inc.
This is free software; see the source for copying conditions.  There is NO
warranty; not even for MERCHANTABILITY or FITNESS FOR A PARTICULAR PURPOSE.

configure:7400: $? = 0
configure:7389: g++ -v >&5
Using built-in specs.
Target: x86_64-redhat-linux
Configured with: ../configure --prefix=/usr --mandir=/usr/share/man --infodir=/usr/share/info --with-bugurl=http://bugzilla.redhat.com/bugzilla --enable-bootstrap --enable-shared --enable-threads=posix --enable-checking=release --with-system-zlib --enable-__cxa_atexit --disable-libunwind-exceptions --enable-gnu-unique-object --enable-languages=c,c++,objc,obj-c++,java,fortran,ada --enable-java-awt=gtk --disable-dssi --with-java-home=/usr/lib/jvm/java-1.5.0-gcj-1.5.0.0/jre --enable-libgcj-multifile --enable-java-maintainer-mode --with-ecj-jar=/usr/share/java/eclipse-ecj.jar --disable-libjava-multilib --with-ppl --with-cloog --with-tune=generic --with-arch_32=i686 --build=x86_64-redhat-linux
Thread model: posix
gcc version 4.4.7 20120313 (Red Hat 4.4.7-11) (GCC) 
configure:7400: $? = 0
configure:7389: g++ -V >&5
g++: '-V' option must have argument
configure:7400: $? = 1
configure:7389: g++ -qversion >&5
g++: unrecognized option '-qversion'
g++: no input files
configure:7400: $? = 1
configure:7404: checking whether we are using the GNU C++ compiler
configure:7432: result: yes
configure:7441: checking whether g++ accepts -g
configure:7502: result: yes
configure:7527: checking dependency style of g++
configure:7637: result: gcc3
configure:7660: checking how to run the C++ preprocessor
configure:7687: g++ -E  conftest.cpp
configure:7687: $? = 0
configure:7701: g++ -E  conftest.cpp
conftest.cpp:22:28: error: ac_nonexistent.h: No such file or directory
configure:7701: $? = 1
configure: failed program was:
| /* confdefs.h */
| #define PACKAGE_NAME "range"
| #define PACKAGE_TARNAME "range"
| #define PACKAGE_VERSION "1.0.0"
| #define PACKAGE_STRING "range 1.0.0"
| #define PACKAGE_BUGREPORT "ricardo.yanez@calel.org"
| #define PACKAGE_URL ""
| #define PACKAGE "range"
| #define VERSION "1.0.0"
| #define STDC_HEADERS 1
| #define HAVE_SYS_TYPES_H 1
| #define HAVE_SYS_STAT_H 1
| #define HAVE_STDLIB_H 1
| #define HAVE_STRING_H 1
| #define HAVE_MEMORY_H 1
| #define HAVE_STRINGS_H 1
| #define HAVE_INTTYPES_H 1
| #define HAVE_STDINT_H 1
| #define HAVE_UNISTD_H 1
| #define HAVE_DLFCN_H 1
| /* end confdefs.h.  */
| #include <ac_nonexistent.h>
configure:7726: result: g++ -E
configure:7746: g++ -E  conftest.cpp
configure:7746: $? = 0
configure:7760: g++ -E  conftest.cpp
conftest.cpp:22:28: error: ac_nonexistent.h: No such file or directory
configure:7760: $? = 1
configure: failed program was:
| /* confdefs.h */
| #define PACKAGE_NAME "range"
| #define PACKAGE_TARNAME "range"
| #define PACKAGE_VERSION "1.0.0"
| #define PACKAGE_STRING "range 1.0.0"
| #define PACKAGE_BUGREPORT "ricardo.yanez@calel.org"
| #define PACKAGE_URL ""
| #define PACKAGE "range"
| #define VERSION "1.0.0"
| #define STDC_HEADERS 1
| #define HAVE_SYS_TYPES_H 1
| #define HAVE_SYS_STAT_H 1
| #define HAVE_STDLIB_H 1
| #define HAVE_STRING_H 1
| #define HAVE_MEMORY_H 1
| #define HAVE_STRINGS_H 1
| #define HAVE_INTTYPES_H 1
| #define HAVE_STDINT_H 1
| #define HAVE_UNISTD_H 1
| #define HAVE_DLFCN_H 1
| /* end confdefs.h.  */
| #include <ac_nonexistent.h>
configure:7936: checking for objdir
configure:7951: result: .libs
configure:8243: checking if gcc supports -fno-rtti -fno-exceptions
configure:8261: gcc -c -g -O2  -fno-rtti -fno-exceptions conftest.c >&5
cc1: warning: command line option "-fno-rtti" is valid for C++/ObjC++ but not for C
configure:8265: $? = 0
configure:8278: result: no
configure:8298: checking for gcc option to produce PIC
configure:8570: result: -fPIC -DPIC
configure:8582: checking if gcc PIC flag -fPIC -DPIC works
configure:8600: gcc -c -g -O2  -fPIC -DPIC -DPIC conftest.c >&5
configure:8604: $? = 0
configure:8617: result: yes
configure:8641: checking if gcc static flag -static works
configure:8669: result: no
configure:8684: checking if gcc supports -c -o file.o
configure:8705: gcc -c -g -O2  -o out/conftest2.o conftest.c >&5
configure:8709: $? = 0
configure:8731: result: yes
configure:8739: checking if gcc supports -c -o file.o
configure:8786: result: yes
configure:8819: checking whether the gcc linker (/usr/bin/ld -m elf_x86_64) supports shared libraries
configure:9810: result: yes
configure:9847: checking whether -lc should be explicitly linked in
configure:9852: gcc -c -g -O2  conftest.c >&5
configure:9855: $? = 0
configure:9870: gcc -shared conftest.o  -v -Wl,-soname -Wl,conftest -o conftest 2\>\&1 \| /bin/grep  -lc  \>/dev/null 2\>\&1
configure:9873: $? = 0
configure:9885: result: no
configure:10049: checking dynamic linker characteristics
configure:10482: gcc -o conftest -g -O2   -Wl,-rpath -Wl,/foo conftest.c  >&5
configure:10482: $? = 0
configure:10712: result: GNU/Linux ld.so
configure:10814: checking how to hardcode library paths into programs
configure:10839: result: immediate
configure:11359: checking whether stripping libraries is possible
configure:11364: result: yes
configure:11399: checking if libtool supports shared libraries
configure:11401: result: yes
configure:11404: checking whether to build shared libraries
configure:11425: result: yes
configure:11428: checking whether to build static libraries
configure:11432: result: no
configure:11582: checking for ld used by g++
configure:11649: result: /usr/bin/ld -m elf_x86_64
configure:11656: checking if the linker (/usr/bin/ld -m elf_x86_64) is GNU ld
configure:11671: result: yes
configure:11726: checking whether the g++ linker (/usr/bin/ld -m elf_x86_64) supports shared libraries
configure:12639: result: yes
configure:12667: g++ -c -g -O2  conftest.cpp >&5
configure:12670: $? = 0
configure:12852: checking for g++ option to produce PIC
configure:13169: result: -fPIC -DPIC
configure:13178: checking if g++ PIC flag -fPIC -DPIC works
configure:13196: g++ -c -g -O2  -fPIC -DPIC -DPIC conftest.cpp >&5
configure:13200: $? = 0
configure:13213: result: yes
configure:13234: checking if g++ static flag -static works
configure:13262: result: no
configure:13274: checking if g++ supports -c -o file.o
configure:13295: g++ -c -g -O2  -o out/conftest2.o conftest.cpp >&5
configure:13299: $? = 0
configure:13321: result: yes
configure:13326: checking if g++ supports -c -o file.o
configure:13373: result: yes
configure:13403: checking whether the g++ linker (/usr/bin/ld -m elf_x86_64) supports shared libraries
configure:13432: result: yes
configure:13569: checking dynamic linker characteristics
configure:13950: g++ -o conftest -g -O2   -Wl,-rpath -Wl,/foo conftest.cpp  >&5
configure:13950: $? = 0
configure:14180: result: GNU/Linux ld.so
configure:14231: checking how to hardcode library paths into programs
configure:14256: result: immediate
configure:14357: checking for ranlib
configure:14384: result: ranlib
configure:14408: checking for pow in -lm
configure:14433: gcc -o conftest -g -O2   conftest.c -lm   >&5
conftest.c:30: warning: conflicting types for built-in function 'pow'
configure:14433: $? = 0
configure:14442: result: yes
configure:14455: checking for ANSI C header files
configure:14559: result: yes
configure:14570: checking for stdlib.h
configure:14570: result: yes
configure:14570: checking for string.h
configure:14570: result: yes
configure:14587: checking for pow
configure:14587: gcc -o conftest -g -O2   conftest.c -lm  >&5
conftest.c:50: warning: conflicting types for built-in function 'pow'
configure:14587: $? = 0
configure:14587: result: yes
configure:14587: checking for sqrt
configure:14587: gcc -o conftest -g -O2   conftest.c -lm  >&5
conftest.c:51: warning: conflicting types for built-in function 'sqrt'
configure:14587: $? = 0
configure:14587: result: yes
configure:14587: checking for log
configure:14587: gcc -o conftest -g -O2   conftest.c -lm  >&5
conftest.c:52: warning: conflicting types for built-in function 'log'
configure:14587: $? = 0
configure:14587: result: yes
configure:14726: creating ./config.status

## ---------------------- ##
## Running config.status. ##
## ---------------------- ##

This file was extended by range config.status 1.0.0, which was
generated by GNU Autoconf 2.67.  Invocation command line was

  CONFIG_FILES    = 
  CONFIG_HEADERS  = 
  CONFIG_LINKS    = 
  CONFIG_COMMANDS = 
  $ ./config.status 

on smilodon.triumf.ca

config.status:1141: creating Makefile
config.status:1141: creating src/Makefile
config.status:1141: creating doc/Makefile
config.status:1141: creating examples/Makefile
config.status:1141: creating man/Makefile
config.status:1141: creating config.h
config.status:1369: executing depfiles commands
config.status:1369: executing libtool commands

## ---------------- ##
## Cache variables. ##
## ---------------- ##

ac_cv_build=x86_64-unknown-linux-gnu
ac_cv_c_compiler_gnu=yes
ac_cv_cxx_compiler_gnu=yes
ac_cv_env_CCC_set=
ac_cv_env_CCC_value=
ac_cv_env_CC_set=
ac_cv_env_CC_value=
ac_cv_env_CFLAGS_set=
ac_cv_env_CFLAGS_value=
ac_cv_env_CPPFLAGS_set=
ac_cv_env_CPPFLAGS_value=
ac_cv_env_CPP_set=
ac_cv_env_CPP_value=
ac_cv_env_CXXCPP_set=
ac_cv_env_CXXCPP_value=
ac_cv_env_CXXFLAGS_set=
ac_cv_env_CXXFLAGS_value=
ac_cv_env_CXX_set=
ac_cv_env_CXX_value=
ac_cv_env_LDFLAGS_set=
ac_cv_env_LDFLAGS_value=
ac_cv_env_LIBS_set=
ac_cv_env_LIBS_value=
ac_cv_env_build_alias_set=
ac_cv_env_build_alias_value=
ac_cv_env_host_alias_set=
ac_cv_env_host_alias_value=
ac_cv_env_target_alias_set=
ac_cv_env_target_alias_value=
ac_cv_func_log=yes
ac_cv_func_pow=yes
ac_cv_func_sqrt=yes
ac_cv_header_dlfcn_h=yes
ac_cv_header_inttypes_h=yes
ac_cv_header_memory_h=yes
ac_cv_header_stdc=yes
ac_cv_header_stdint_h=yes
ac_cv_header_stdlib_h=yes
ac_cv_header_string_h=yes
ac_cv_header_strings_h=yes
ac_cv_header_sys_stat_h=yes
ac_cv_header_sys_types_h=yes
ac_cv_header_unistd_h=yes
ac_cv_host=x86_64-unknown-linux-gnu
ac_cv_lib_m_pow=yes
ac_cv_objext=o
ac_cv_path_EGREP='/bin/grep -E'
ac_cv_path_FGREP='/bin/grep -F'
ac_cv_path_GREP=/bin/grep
ac_cv_path_SED=/bin/sed
ac_cv_path_install='/usr/bin/install -c'
ac_cv_path_mkdir=/bin/mkdir
ac_cv_prog_AWK=gawk
ac_cv_prog_CPP='gcc -E'
ac_cv_prog_CXXCPP='g++ -E'
ac_cv_prog_ac_ct_AR=ar
ac_cv_prog_ac_ct_CC=gcc
ac_cv_prog_ac_ct_CXX=g++
ac_cv_prog_ac_ct_OBJDUMP=objdump
ac_cv_prog_ac_ct_RANLIB=ranlib
ac_cv_prog_ac_ct_STRIP=strip
ac_cv_prog_cc_c89=
ac_cv_prog_cc_g=yes
ac_cv_prog_cxx_g=yes
ac_cv_prog_make_make_set=yes
am_cv_CC_dependencies_compiler_type=gcc3
am_cv_CXX_dependencies_compiler_type=gcc3
lt_cv_deplibs_check_method=pass_all
lt_cv_file_magic_cmd='$MAGIC_CMD'
lt_cv_file_magic_test_file=
lt_cv_ld_reload_flag=-r
lt_cv_nm_interface='BSD nm'
lt_cv_objdir=.libs
lt_cv_path_LD=/usr/bin/ld
lt_cv_path_LDCXX='/usr/bin/ld -m elf_x86_64'
lt_cv_path_NM='/usr/bin/nm -B'
lt_cv_prog_compiler_c_o=yes
lt_cv_prog_compiler_c_o_CXX=yes
lt_cv_prog_compiler_pic_works=yes
lt_cv_prog_compiler_pic_works_CXX=yes
lt_cv_prog_compiler_rtti_exceptions=no
lt_cv_prog_compiler_static_works=no
lt_cv_prog_compiler_static_works_CXX=no
lt_cv_prog_gnu_ld=yes
lt_cv_prog_gnu_ldcxx=yes
lt_cv_sys_global_symbol_pipe='sed -n -e '\''s/^.*[	 ]\([ABCDGIRSTW][ABCDGIRSTW]*\)[	 ][	 ]*\([_A-Za-z][_A-Za-z0-9]*\)$/\1 \2 \2/p'\'''
lt_cv_sys_global_symbol_to_c_name_address='sed -n -e '\''s/^: \([^ ]*\) $/  {\"\1\", (void *) 0},/p'\'' -e '\''s/^[ABCDGIRSTW]* \([^ ]*\) \([^ ]*\)$/  {"\2", (void *) \&\2},/p'\'''
lt_cv_sys_global_symbol_to_c_name_address_lib_prefix='sed -n -e '\''s/^: \([^ ]*\) $/  {\"\1\", (void *) 0},/p'\'' -e '\''s/^[ABCDGIRSTW]* \([^ ]*\) \(lib[^ ]*\)$/  {"\2", (void *) \&\2},/p'\'' -e '\''s/^[ABCDGIRSTW]* \([^ ]*\) \([^ ]*\)$/  {"lib\2", (void *) \&\2},/p'\'''
lt_cv_sys_global_symbol_to_cdecl='sed -n -e '\''s/^T .* \(.*\)$/extern int \1();/p'\'' -e '\''s/^[ABCDGIRSTW]* .* \(.*\)$/extern char \1;/p'\'''
lt_cv_sys_max_cmd_len=1966080

## ----------------- ##
## Output variables. ##
## ----------------- ##

ACLOCAL='${SHELL} /home/jsmallcombe/codes/analysis_package_1.2/rangelibrary/source/missing --run aclocal-1.11'
AMDEPBACKSLASH='\'
AMDEP_FALSE='#'
AMDEP_TRUE=''
AMTAR='${SHELL} /home/jsmallcombe/codes/analysis_package_1.2/rangelibrary/source/missing --run tar'
AR='ar'
AUTOCONF='${SHELL} /home/jsmallcombe/codes/analysis_package_1.2/rangelibrary/source/missing --run autoconf'
AUTOHEADER='${SHELL} /home/jsmallcombe/codes/analysis_package_1.2/rangelibrary/source/missing --run autoheader'
AUTOMAKE='${SHELL} /home/jsmallcombe/codes/analysis_package_1.2/rangelibrary/source/missing --run automake-1.11'
AWK='gawk'
CC='gcc'
CCDEPMODE='depmode=gcc3'
CFLAGS='-g -O2'
CPP='gcc -E'
CPPFLAGS=''
CXX='g++'
CXXCPP='g++ -E'
CXXDEPMODE='depmode=gcc3'
CXXFLAGS='-g -O2'
CYGPATH_W='echo'
DEFS='-DHAVE_CONFIG_H'
DEPDIR='.deps'
DSYMUTIL=''
DUMPBIN=''
ECHO_C=''
ECHO_N='-n'
ECHO_T=''
EGREP='/bin/grep -E'
EXEEXT=''
FGREP='/bin/grep -F'
GREP='/bin/grep'
INSTALL_DATA='${INSTALL} -m 644'
INSTALL_PROGRAM='${INSTALL}'
INSTALL_SCRIPT='${INSTALL}'
INSTALL_STRIP_PROGRAM='$(install_sh) -c -s'
LD='/usr/bin/ld -m elf_x86_64'
LDFLAGS=''
LIBOBJS=''
LIBS='-lm '
LIBTOOL='$(SHELL) $(top_builddir)/libtool'
LIPO=''
LN_S='ln -s'
LTLIBOBJS=''
MAKEINFO='${SHELL} /home/jsmallcombe/codes/analysis_package_1.2/rangelibrary/source/missing --run makeinfo'
MKDIR_P='/bin/mkdir -p'
NM='/usr/bin/nm -B'
NMEDIT=''
OBJDUMP='objdump'
OBJEXT='o'
OTOOL64=''
OTOOL=''
PACKAGE='range'
PACKAGE_BUGREPORT='ricardo.yanez@calel.org'
PACKAGE_NAME='range'
PACKAGE_STRING='range 1.0.0'
PACKAGE_TARNAME='range'
PACKAGE_URL=''
PACKAGE_VERSION='1.0.0'
PATH_SEPARATOR=':'
RANLIB='ranlib'
SED='/bin/sed'
SET_MAKE=''
SHELL='/bin/sh'
STRIP='strip'
VERSION='1.0.0'
ac_ct_CC='gcc'
ac_ct_CXX='g++'
ac_ct_DUMPBIN=''
am__EXEEXT_FALSE=''
am__EXEEXT_TRUE='#'
am__fastdepCC_FALSE='#'
am__fastdepCC_TRUE=''
am__fastdepCXX_FALSE='#'
am__fastdepCXX_TRUE=''
am__include='include'
am__isrc=''
am__leading_dot='.'
am__quote=''
am__tar='${AMTAR} chof - "$$tardir"'
am__untar='${AMTAR} xf -'
bindir='${exec_prefix}/bin'
build='x86_64-unknown-linux-gnu'
build_alias=''
build_cpu='x86_64'
build_os='linux-gnu'
build_vendor='unknown'
datadir='${datarootdir}'
datarootdir='${prefix}/share'
docdir='${datarootdir}/doc/${PACKAGE_TARNAME}'
dvidir='${docdir}'
exec_prefix='${prefix}'
host='x86_64-unknown-linux-gnu'
host_alias=''
host_cpu='x86_64'
host_os='linux-gnu'
host_vendor='unknown'
htmldir='${docdir}'
includedir='${prefix}/include'
infodir='${datarootdir}/info'
install_sh='${SHELL} /home/jsmallcombe/codes/analysis_package_1.2/rangelibrary/source/install-sh'
libdir='${exec_prefix}/lib'
libexecdir='${exec_prefix}/libexec'
localedir='${datarootdir}/locale'
localstatedir='${prefix}/var'
lt_ECHO='echo'
mandir='${datarootdir}/man'
mkdir_p='/bin/mkdir -p'
oldincludedir='/usr/include'
pdfdir='${docdir}'
prefix='/home/jsmallcombe/local'
program_transform_name='s,x,x,'
psdir='${docdir}'
sbindir='${exec_prefix}/sbin'
sharedstatedir='${prefix}/com'
sysconfdir='${prefix}/etc'
target_alias=''

## ----------- ##
## confdefs.h. ##
## ----------- ##

/* confdefs.h */
#define PACKAGE_NAME "range"
#define PACKAGE_TARNAME "range"
#define PACKAGE_VERSION "1.0.0"
#define PACKAGE_STRING "range 1.0.0"
#define PACKAGE_BUGREPORT "ricardo.yanez@calel.org"
#define PACKAGE_URL ""
#define PACKAGE "range"
#define VERSION "1.0.0"
#define STDC_HEADERS 1
#define HAVE_SYS_TYPES_H 1
#define HAVE_SYS_STAT_H 1
#define HAVE_STDLIB_H 1
#define HAVE_STRING_H 1
#define HAVE_MEMORY_H 1
#define HAVE_STRINGS_H 1
#define HAVE_INTTYPES_H 1
#define HAVE_STDINT_H 1
#define HAVE_UNISTD_H 1
#define HAVE_DLFCN_H 1
#define LT_OBJDIR ".libs/"
#define HAVE_LIBM 1
#define STDC_HEADERS 1
#define HAVE_STDLIB_H 1
#define HAVE_STRING_H 1
#define HAVE_POW 1
#define HAVE_SQRT 1
#define HAVE_LOG 1

configure: exit 0
